{"level":"info","message":"Server is running on port 3000","service":"task-manager-api","timestamp":"2025-08-29 09:58:28"}
{"ip":"::1","level":"info","message":"POST /auth/signup","service":"task-manager-api","timestamp":"2025-08-29 09:58:45","userAgent":"PostmanRuntime/7.45.0"}
{"level":"error","message":"Registration failed: User with this email or username already exists","service":"task-manager-api","stack":"Error: User with this email or username already exists\n    at AuthService.signup (C:\\espy\\eraseHistory\\task-manager-api\\services\\authService.js:24:13)\n    at process.processTicksAndRejections (node:internal/process/task_queues:105:5)\n    at async signup (C:\\espy\\eraseHistory\\task-manager-api\\controllers\\authController.js:9:22)","timestamp":"2025-08-29 09:58:45"}
{"ip":"::1","level":"info","message":"POST /auth/login","service":"task-manager-api","timestamp":"2025-08-29 09:58:52","userAgent":"PostmanRuntime/7.45.0"}
{"identifier":"test@example.com","level":"info","message":"User logged in successfully","service":"task-manager-api","timestamp":"2025-08-29 09:58:52"}
{"ip":"::1","level":"info","message":"POST /tasks","service":"task-manager-api","timestamp":"2025-08-29 09:59:02","userAgent":"PostmanRuntime/7.45.0"}
{"level":"error","message":"Auth middleware error: Invalid or expired token","service":"task-manager-api","stack":"Error: Invalid or expired token\n    at AuthService.verifyToken (C:\\espy\\eraseHistory\\task-manager-api\\services\\authService.js:83:13)\n    at authMiddleware (C:\\espy\\eraseHistory\\task-manager-api\\middlewares\\authMiddleware.js:39:35)\n    at Layer.handle [as handle_request] (C:\\espy\\eraseHistory\\task-manager-api\\node_modules\\express\\lib\\router\\layer.js:95:5)\n    at trim_prefix (C:\\espy\\eraseHistory\\task-manager-api\\node_modules\\express\\lib\\router\\index.js:328:13)\n    at C:\\espy\\eraseHistory\\task-manager-api\\node_modules\\express\\lib\\router\\index.js:286:9\n    at Function.process_params (C:\\espy\\eraseHistory\\task-manager-api\\node_modules\\express\\lib\\router\\index.js:346:12)\n    at next (C:\\espy\\eraseHistory\\task-manager-api\\node_modules\\express\\lib\\router\\index.js:280:10)\n    at Function.handle (C:\\espy\\eraseHistory\\task-manager-api\\node_modules\\express\\lib\\router\\index.js:175:3)\n    at router (C:\\espy\\eraseHistory\\task-manager-api\\node_modules\\express\\lib\\router\\index.js:47:12)\n    at Layer.handle [as handle_request] (C:\\espy\\eraseHistory\\task-manager-api\\node_modules\\express\\lib\\router\\layer.js:95:5)","timestamp":"2025-08-29 09:59:02"}
{"ip":"::1","level":"info","message":"POST /tasks","service":"task-manager-api","timestamp":"2025-08-29 09:59:33","userAgent":"PostmanRuntime/7.45.0"}
{"level":"info","message":"Task created successfully","service":"task-manager-api","taskId":4,"timestamp":"2025-08-29 09:59:33","userId":3}
{"level":"info","message":"Server is running on port 3000","service":"task-manager-api","timestamp":"2025-08-29 10:13:41"}
{"ip":"::1","level":"info","message":"GET /","service":"task-manager-api","timestamp":"2025-08-29 10:14:10","userAgent":"Mozilla/5.0 (Windows NT 10.0; Win64; x64) AppleWebKit/537.36 (KHTML, like Gecko) Chrome/139.0.0.0 Safari/537.36"}
{"ip":"::1","level":"info","message":"GET /favicon.ico","service":"task-manager-api","timestamp":"2025-08-29 10:14:10","userAgent":"Mozilla/5.0 (Windows NT 10.0; Win64; x64) AppleWebKit/537.36 (KHTML, like Gecko) Chrome/139.0.0.0 Safari/537.36"}
{"ip":"::1","level":"info","message":"POST /auth/signup","service":"task-manager-api","timestamp":"2025-08-29 10:14:23","userAgent":"PostmanRuntime/7.45.0"}
{"level":"error","message":"Registration failed: User with this email or username already exists","service":"task-manager-api","stack":"Error: User with this email or username already exists\n    at AuthService.signup (C:\\espy\\TEST\\task-manager-api\\services\\authService.js:24:13)\n    at process.processTicksAndRejections (node:internal/process/task_queues:105:5)\n    at async signup (C:\\espy\\TEST\\task-manager-api\\controllers\\authController.js:9:22)","timestamp":"2025-08-29 10:14:23"}
{"ip":"::1","level":"info","message":"POST /auth/login","service":"task-manager-api","timestamp":"2025-08-29 10:14:31","userAgent":"PostmanRuntime/7.45.0"}
{"identifier":"test@example.com","level":"info","message":"User logged in successfully","service":"task-manager-api","timestamp":"2025-08-29 10:14:32"}
{"ip":"::1","level":"info","message":"POST /tasks","service":"task-manager-api","timestamp":"2025-08-29 10:18:05","userAgent":"PostmanRuntime/7.45.0"}
{"ip":"::1","level":"info","message":"POST /tasks","service":"task-manager-api","timestamp":"2025-08-29 10:18:21","userAgent":"PostmanRuntime/7.45.0"}
{"level":"error","message":"Auth middleware error: Invalid or expired token","service":"task-manager-api","stack":"Error: Invalid or expired token\n    at AuthService.verifyToken (C:\\espy\\TEST\\task-manager-api\\services\\authService.js:83:13)\n    at authMiddleware (C:\\espy\\TEST\\task-manager-api\\middlewares\\authMiddleware.js:39:35)\n    at Layer.handle [as handle_request] (C:\\espy\\TEST\\task-manager-api\\node_modules\\express\\lib\\router\\layer.js:95:5)\n    at trim_prefix (C:\\espy\\TEST\\task-manager-api\\node_modules\\express\\lib\\router\\index.js:328:13)\n    at C:\\espy\\TEST\\task-manager-api\\node_modules\\express\\lib\\router\\index.js:286:9\n    at Function.process_params (C:\\espy\\TEST\\task-manager-api\\node_modules\\express\\lib\\router\\index.js:346:12)\n    at next (C:\\espy\\TEST\\task-manager-api\\node_modules\\express\\lib\\router\\index.js:280:10)\n    at Function.handle (C:\\espy\\TEST\\task-manager-api\\node_modules\\express\\lib\\router\\index.js:175:3)\n    at router (C:\\espy\\TEST\\task-manager-api\\node_modules\\express\\lib\\router\\index.js:47:12)\n    at Layer.handle [as handle_request] (C:\\espy\\TEST\\task-manager-api\\node_modules\\express\\lib\\router\\layer.js:95:5)","timestamp":"2025-08-29 10:18:21"}
{"ip":"::1","level":"info","message":"POST /tasks","service":"task-manager-api","timestamp":"2025-08-29 10:19:16","userAgent":"PostmanRuntime/7.45.0"}
{"level":"info","message":"Task created successfully","service":"task-manager-api","taskId":5,"timestamp":"2025-08-29 10:19:17","userId":3}
{"ip":"::1","level":"info","message":"POST /tasks","service":"task-manager-api","timestamp":"2025-08-29 10:20:11","userAgent":"PostmanRuntime/7.45.0"}
{"code":"ENOENT","errno":-4058,"level":"error","message":"Unhandled error: ENOENT: no such file or directory, open 'C:\\espy\\TEST\\task-manager-api\\uploads\\files-1756443011280-950540727.pdf'","path":"C:\\espy\\TEST\\task-manager-api\\uploads\\files-1756443011280-950540727.pdf","service":"task-manager-api","stack":"Error: ENOENT: no such file or directory, open 'C:\\espy\\TEST\\task-manager-api\\uploads\\files-1756443011280-950540727.pdf'","storageErrors":[],"syscall":"open","timestamp":"2025-08-29 10:20:11"}
{"ip":"::1","level":"info","message":"POST /tasks","service":"task-manager-api","timestamp":"2025-08-29 10:20:14","userAgent":"PostmanRuntime/7.45.0"}
{"code":"ENOENT","errno":-4058,"level":"error","message":"Unhandled error: ENOENT: no such file or directory, open 'C:\\espy\\TEST\\task-manager-api\\uploads\\files-1756443014862-804025197.pdf'","path":"C:\\espy\\TEST\\task-manager-api\\uploads\\files-1756443014862-804025197.pdf","service":"task-manager-api","stack":"Error: ENOENT: no such file or directory, open 'C:\\espy\\TEST\\task-manager-api\\uploads\\files-1756443014862-804025197.pdf'","storageErrors":[],"syscall":"open","timestamp":"2025-08-29 10:20:14"}
{"ip":"::1","level":"info","message":"POST /tasks","service":"task-manager-api","timestamp":"2025-08-29 10:20:50","userAgent":"PostmanRuntime/7.45.0"}
{"code":"ENOENT","errno":-4058,"level":"error","message":"Unhandled error: ENOENT: no such file or directory, open 'C:\\espy\\TEST\\task-manager-api\\uploads\\files-1756443050488-63498996.pdf'","path":"C:\\espy\\TEST\\task-manager-api\\uploads\\files-1756443050488-63498996.pdf","service":"task-manager-api","stack":"Error: ENOENT: no such file or directory, open 'C:\\espy\\TEST\\task-manager-api\\uploads\\files-1756443050488-63498996.pdf'","storageErrors":[],"syscall":"open","timestamp":"2025-08-29 10:20:50"}
{"level":"info","message":"Server is running on port 3000","service":"task-manager-api","timestamp":"2025-08-29 10:22:13"}
{"ip":"::1","level":"info","message":"POST /auth/signup","service":"task-manager-api","timestamp":"2025-08-29 10:23:04","userAgent":"PostmanRuntime/7.45.0"}
{"level":"error","message":"Registration failed: User with this email or username already exists","service":"task-manager-api","stack":"Error: User with this email or username already exists\n    at AuthService.signup (C:\\espy\\TEST\\task-manager-api\\services\\authService.js:24:13)\n    at process.processTicksAndRejections (node:internal/process/task_queues:105:5)\n    at async signup (C:\\espy\\TEST\\task-manager-api\\controllers\\authController.js:9:22)","timestamp":"2025-08-29 10:23:04"}
{"ip":"::1","level":"info","message":"POST /auth/login","service":"task-manager-api","timestamp":"2025-08-29 10:23:13","userAgent":"PostmanRuntime/7.45.0"}
{"identifier":"test@example.com","level":"info","message":"User logged in successfully","service":"task-manager-api","timestamp":"2025-08-29 10:23:13"}
{"ip":"::1","level":"info","message":"POST /tasks","service":"task-manager-api","timestamp":"2025-08-29 10:23:53","userAgent":"PostmanRuntime/7.45.0"}
{"level":"info","message":"Task created successfully","service":"task-manager-api","taskId":6,"timestamp":"2025-08-29 10:23:53","userId":3}
{"ip":"::1","level":"info","message":"POST /tasks","service":"task-manager-api","timestamp":"2025-08-29 10:25:33","userAgent":"PostmanRuntime/7.45.0"}
{"code":"ENOENT","errno":-4058,"level":"error","message":"Unhandled error: ENOENT: no such file or directory, open 'C:\\espy\\TEST\\task-manager-api\\uploads\\files-1756443333844-363145048.txt'","path":"C:\\espy\\TEST\\task-manager-api\\uploads\\files-1756443333844-363145048.txt","service":"task-manager-api","stack":"Error: ENOENT: no such file or directory, open 'C:\\espy\\TEST\\task-manager-api\\uploads\\files-1756443333844-363145048.txt'","storageErrors":[],"syscall":"open","timestamp":"2025-08-29 10:25:33"}
{"ip":"::1","level":"info","message":"POST /tasks","service":"task-manager-api","timestamp":"2025-08-29 10:28:04","userAgent":"PostmanRuntime/7.45.0"}
{"level":"info","message":"Task created successfully","service":"task-manager-api","taskId":7,"timestamp":"2025-08-29 10:28:04","userId":3}
{"ip":"::1","level":"info","message":"POST /tasks","service":"task-manager-api","timestamp":"2025-08-29 10:28:06","userAgent":"PostmanRuntime/7.45.0"}
{"level":"info","message":"Task created successfully","service":"task-manager-api","taskId":8,"timestamp":"2025-08-29 10:28:06","userId":3}
{"level":"info","message":"Server is running on port 3000","service":"task-manager-api","timestamp":"2025-08-29 10:28:21"}
{"ip":"::1","level":"info","message":"POST /auth/login","service":"task-manager-api","timestamp":"2025-08-29 10:28:28","userAgent":"PostmanRuntime/7.45.0"}
{"identifier":"test@example.com","level":"info","message":"User logged in successfully","service":"task-manager-api","timestamp":"2025-08-29 10:28:29"}
{"ip":"::1","level":"info","message":"POST /tasks","service":"task-manager-api","timestamp":"2025-08-29 10:28:46","userAgent":"PostmanRuntime/7.45.0"}
{"level":"info","message":"Task created successfully","service":"task-manager-api","taskId":9,"timestamp":"2025-08-29 10:28:46","userId":3}
{"ip":"::1","level":"info","message":"GET /tasks?cursor=1&limit=5","service":"task-manager-api","timestamp":"2025-08-29 10:29:00","userAgent":"PostmanRuntime/7.45.0"}
{"count":5,"level":"info","message":"Tasks retrieved successfully","service":"task-manager-api","timestamp":"2025-08-29 10:29:00","userId":3}
{"ip":"::1","level":"info","message":"GET /tasks?status=pending&limit=10","service":"task-manager-api","timestamp":"2025-08-29 10:29:08","userAgent":"PostmanRuntime/7.45.0"}
{"count":7,"level":"info","message":"Tasks retrieved successfully","service":"task-manager-api","timestamp":"2025-08-29 10:29:08","userId":3}
{"ip":"::1","level":"info","message":"GET /tasks/1","service":"task-manager-api","timestamp":"2025-08-29 10:29:17","userAgent":"PostmanRuntime/7.45.0"}
{"level":"error","message":"Task retrieval failed: Task not found","service":"task-manager-api","stack":"Error: Task not found\n    at TaskService.getTaskById (C:\\espy\\TEST\\task-manager-api\\services\\taskService.js:75:13)\n    at process.processTicksAndRejections (node:internal/process/task_queues:105:5)\n    at async getTaskById (C:\\espy\\TEST\\task-manager-api\\controllers\\taskController.js:59:20)","timestamp":"2025-08-29 10:29:17"}
{"ip":"::1","level":"info","message":"PUT /tasks/1","service":"task-manager-api","timestamp":"2025-08-29 10:29:27","userAgent":"PostmanRuntime/7.45.0"}
{"level":"error","message":"Task update failed: Task not found","service":"task-manager-api","stack":"Error: Task not found\n    at TaskService.updateTask (C:\\espy\\TEST\\task-manager-api\\services\\taskService.js:131:13)\n    at process.processTicksAndRejections (node:internal/process/task_queues:105:5)\n    at async updateTask (C:\\espy\\TEST\\task-manager-api\\controllers\\taskController.js:84:20)","timestamp":"2025-08-29 10:29:27"}
{"ip":"::1","level":"info","message":"PUT /tasks/2","service":"task-manager-api","timestamp":"2025-08-29 10:29:38","userAgent":"PostmanRuntime/7.45.0"}
{"level":"error","message":"Task update failed: Task not found","service":"task-manager-api","stack":"Error: Task not found\n    at TaskService.updateTask (C:\\espy\\TEST\\task-manager-api\\services\\taskService.js:131:13)\n    at process.processTicksAndRejections (node:internal/process/task_queues:105:5)\n    at async updateTask (C:\\espy\\TEST\\task-manager-api\\controllers\\taskController.js:84:20)","timestamp":"2025-08-29 10:29:38"}
{"ip":"::1","level":"info","message":"PUT /tasks/6","service":"task-manager-api","timestamp":"2025-08-29 10:29:53","userAgent":"PostmanRuntime/7.45.0"}
{"level":"info","message":"Task updated successfully","service":"task-manager-api","taskId":"6","timestamp":"2025-08-29 10:29:53","userId":3}
{"ip":"::1","level":"info","message":"PUT /tasks/7","service":"task-manager-api","timestamp":"2025-08-29 10:30:05","userAgent":"PostmanRuntime/7.45.0"}
{"level":"info","message":"Task updated successfully","service":"task-manager-api","taskId":"7","timestamp":"2025-08-29 10:30:05","userId":3}
{"ip":"::1","level":"info","message":"GET /tasks/7/files/TES.txt","service":"task-manager-api","timestamp":"2025-08-29 10:30:40","userAgent":"PostmanRuntime/7.45.0"}
{"ip":"::1","level":"info","message":"GET /tasks/7/files/TEST.txt","service":"task-manager-api","timestamp":"2025-08-29 10:30:59","userAgent":"PostmanRuntime/7.45.0"}
{"ip":"::1","level":"info","message":"GET /tasks/7/files/TEST.txt","service":"task-manager-api","timestamp":"2025-08-29 10:31:04","userAgent":"PostmanRuntime/7.45.0"}
{"ip":"::1","level":"info","message":"GET /tasks/7/files/TEST.txt","service":"task-manager-api","timestamp":"2025-08-29 10:31:06","userAgent":"PostmanRuntime/7.45.0"}
{"ip":"::1","level":"info","message":"GET /tasks/7/files/TEST.txt","service":"task-manager-api","timestamp":"2025-08-29 10:31:11","userAgent":"PostmanRuntime/7.45.0"}
{"ip":"::1","level":"info","message":"DELETE /tasks/7","service":"task-manager-api","timestamp":"2025-08-29 10:31:23","userAgent":"PostmanRuntime/7.45.0"}
{"level":"info","message":"Task deleted successfully","service":"task-manager-api","taskId":"7","timestamp":"2025-08-29 10:31:23","userId":3}
{"ip":"::1","level":"info","message":"DELETE /tasks/7","service":"task-manager-api","timestamp":"2025-08-29 10:31:24","userAgent":"PostmanRuntime/7.45.0"}
{"level":"error","message":"Task deletion failed: Task not found","service":"task-manager-api","stack":"Error: Task not found\n    at TaskService.deleteTask (C:\\espy\\TEST\\task-manager-api\\services\\taskService.js:200:13)\n    at process.processTicksAndRejections (node:internal/process/task_queues:105:5)\n    at async deleteTask (C:\\espy\\TEST\\task-manager-api\\controllers\\taskController.js:109:7)","timestamp":"2025-08-29 10:31:24"}
{"ip":"::1","level":"info","message":"DELETE /tasks/7","service":"task-manager-api","timestamp":"2025-08-29 10:31:27","userAgent":"PostmanRuntime/7.45.0"}
{"level":"error","message":"Task deletion failed: Task not found","service":"task-manager-api","stack":"Error: Task not found\n    at TaskService.deleteTask (C:\\espy\\TEST\\task-manager-api\\services\\taskService.js:200:13)\n    at process.processTicksAndRejections (node:internal/process/task_queues:105:5)\n    at async deleteTask (C:\\espy\\TEST\\task-manager-api\\controllers\\taskController.js:109:7)","timestamp":"2025-08-29 10:31:27"}
{"ip":"::1","level":"info","message":"DELETE /tasks/6","service":"task-manager-api","timestamp":"2025-08-29 10:31:34","userAgent":"PostmanRuntime/7.45.0"}
{"level":"info","message":"Task deleted successfully","service":"task-manager-api","taskId":"6","timestamp":"2025-08-29 10:31:34","userId":3}
